Dec 19 17:30:00 dzakharov newsyslog[18704]: logfile turned over due to size>1000K
Dec 19 21:19:52 dzakharov loginwindow[46]: in pam_sm_authenticate(): Failed to determine Kerberos principal name.
Dec 19 21:29:23 dzakharov loginwindow[46]: in pam_sm_authenticate(): Failed to determine Kerberos principal name.
Dec 19 21:32:27 dzakharov com.apple.SecurityServer[27]: Succeeded authorizing right 'system.privilege.taskport.debug' by client '/usr/bin/atos' for authorization created by '/usr/bin/atos'
Dec 19 21:32:27 dzakharov com.apple.SecurityServer[27]: Succeeded authorizing right 'system.privilege.taskport.debug' by client '/usr/libexec/taskgated' for authorization created by '/usr/libexec/taskgated'
Dec 19 21:32:27 dzakharov com.apple.SecurityServer[27]: Succeeded authorizing right 'system.privilege.taskport.debug' by client '/usr/bin/atos' for authorization created by '/usr/bin/atos'
Dec 19 21:32:27 dzakharov com.apple.SecurityServer[27]: Succeeded authorizing right 'system.privilege.taskport.debug' by client '/usr/libexec/taskgated' for authorization created by '/usr/libexec/taskgated'
Dec 19 21:32:27 dzakharov com.apple.SecurityServer[27]: Succeeded authorizing right 'system.privilege.taskport.debug' by client '/usr/bin/atos' for authorization created by '/usr/bin/atos'
Dec 19 21:32:27 dzakharov com.apple.SecurityServer[27]: Succeeded authorizing right 'system.privilege.taskport.debug' by client '/usr/libexec/taskgated' for authorization created by '/usr/libexec/taskgated'
Dec 19 21:32:39 dzakharov com.apple.SecurityServer[27]: Succeeded authorizing right 'system.privilege.taskport.debug' by client '/usr/bin/atos' for authorization created by '/usr/bin/atos'
Dec 19 21:32:39 dzakharov com.apple.SecurityServer[27]: Succeeded authorizing right 'system.privilege.taskport.debug' by client '/usr/libexec/taskgated' for authorization created by '/usr/libexec/taskgated'
Dec 19 22:02:33 dzakharov loginwindow[46]: in pam_sm_authenticate(): Failed to determine Kerberos principal name.
Dec 19 22:16:56 dzakharov loginwindow[46]: in pam_sm_authenticate(): Failed to determine Kerberos principal name.
Dec 20 09:15:48 dzakharov com.apple.SecurityServer[27]: Succeeded authorizing right 'system.privilege.taskport.debug' by client '/usr/bin/atos' for authorization created by '/usr/bin/atos'
Dec 20 09:15:49 dzakharov com.apple.SecurityServer[27]: Succeeded authorizing right 'system.privilege.taskport.debug' by client '/usr/libexec/taskgated' for authorization created by '/usr/libexec/taskgated'
Dec 20 09:15:57 dzakharov loginwindow[46]: in pam_sm_authenticate(): Failed to determine Kerberos principal name.
Dec 20 10:06:16 dzakharov loginwindow[46]: in pam_sm_authenticate(): Failed to determine Kerberos principal name.
Dec 20 10:58:28 dzakharov loginwindow[46]: in pam_sm_authenticate(): Failed to determine Kerberos principal name.
Dec 20 11:06:16 dzakharov loginwindow[46]: in pam_sm_authenticate(): Failed to determine Kerberos principal name.
Dec 20 11:10:47 dzakharov loginwindow[46]: in pam_sm_authenticate(): Failed to determine Kerberos principal name.
Dec 20 11:14:26 dzakharov loginwindow[46]: in pam_sm_authenticate(): Failed to determine Kerberos principal name.
Dec 20 11:27:32 dzakharov loginwindow[46]: in pam_sm_authenticate(): Failed to determine Kerberos principal name.
Dec 20 11:33:59 dzakharov loginwindow[46]: in pam_sm_authenticate(): Failed to determine Kerberos principal name.
Dec 20 11:41:30 dzakharov loginwindow[46]: in pam_sm_authenticate(): Failed to determine Kerberos principal name.
Dec 20 13:10:12 dzakharov loginwindow[46]: in pam_sm_authenticate(): Failed to determine Kerberos principal name.
Dec 20 15:10:53 dzakharov loginwindow[46]: in pam_sm_authenticate(): Failed to determine Kerberos principal name.
Dec 20 16:33:09 dzakharov loginwindow[46]: in pam_sm_authenticate(): Failed to determine Kerberos principal name.
Dec 21 09:22:54 dzakharov loginwindow[46]: in pam_sm_authenticate(): Failed to determine Kerberos principal name.
Dec 21 11:32:32 localhost com.apple.SecurityServer[26]: Session 0x5fbff962 created
Dec 21 11:32:32 localhost com.apple.SecurityServer[26]: Entering service
Dec 21 11:32:33 localhost com.apple.SecurityServer[26]: Succeeded authorizing right 'config.modify.com.apple.CoreRAID.admin' by client '/System/Library/PrivateFrameworks/CoreRAID.framework/Versions/A/Resources/CoreRAIDServer' for authorization created by '/System/Library/PrivateFrameworks/CoreRAID.framework/Versions/A/Resources/CoreRAIDServer'
Dec 21 11:32:39 dzakharov com.apple.SecurityServer[26]: Session 0x301ed1 created
Dec 21 11:32:39 dzakharov com.apple.SecurityServer[26]: Session 0x301ed1 attributes 0x30
Dec 21 11:32:40 dzakharov loginwindow[46]: Login Window Started Security Agent
Dec 21 11:32:40 dzakharov SecurityAgent[138]: Showing Login Window
Dec 21 11:33:28 dzakharov SecurityAgent[138]: User info context values set for dzakharov
Dec 21 11:33:29 dzakharov SecurityAgent[138]: Login Window Showing Progress
Dec 21 11:33:29 dzakharov SecurityAgent[138]: Login Window done
Dec 21 11:33:29 dzakharov com.apple.SecurityServer[26]: Succeeded authorizing right 'system.login.console' by client '/System/Library/CoreServices/loginwindow.app' for authorization created by '/System/Library/CoreServices/loginwindow.app'
Dec 21 11:33:29 dzakharov loginwindow[46]: Login Window - Returned from Security Agent
Dec 21 11:33:29 dzakharov com.apple.SecurityServer[26]: Succeeded authorizing right 'system.login.done' by client '/System/Library/CoreServices/loginwindow.app' for authorization created by '/System/Library/CoreServices/loginwindow.app'
Dec 21 11:33:36 dzakharov /System/Library/CoreServices/CCacheServer.app/Contents/MacOS/CCacheServer[183]: Starting up.
Dec 21 11:43:37 dzakharov /System/Library/CoreServices/CCacheServer.app/Contents/MacOS/CCacheServer[183]: No valid tickets, timing out
Dec 21 12:09:55 dzakharov loginwindow[46]: in pam_sm_authenticate(): Failed to determine Kerberos principal name.
Dec 21 12:49:41 dzakharov loginwindow[46]: in pam_sm_authenticate(): Failed to determine Kerberos principal name.
Dec 21 14:01:34 dzakharov loginwindow[46]: in pam_sm_authenticate(): Failed to determine Kerberos principal name.
Dec 21 14:46:15 dzakharov loginwindow[46]: ERROR | -[LWScreenLock(Private) screenIsLockedTimeExpired:] | Error: _startLockTime = 0
Dec 21 14:55:32 dzakharov loginwindow[46]: in pam_sm_authenticate(): Failed to determine Kerberos principal name.
Dec 21 15:01:25 dzakharov loginwindow[46]: in pam_sm_authenticate(): Failed to determine Kerberos principal name.
Dec 21 16:15:17 dzakharov loginwindow[46]: in pam_sm_authenticate(): Failed to determine Kerberos principal name.
Dec 21 16:52:51 dzakharov loginwindow[46]: in pam_sm_authenticate(): Failed to determine Kerberos principal name.
Dec 21 17:18:24 dzakharov loginwindow[46]: in pam_sm_authenticate(): Failed to determine Kerberos principal name.
Dec 21 19:12:08 dzakharov loginwindow[46]: in pam_sm_authenticate(): Failed to determine Kerberos principal name.
Dec 22 13:26:34 localhost com.apple.SecurityServer[27]: Session 0x5fbff962 created
Dec 22 13:26:34 localhost com.apple.SecurityServer[27]: Entering service
Dec 22 13:26:36 localhost com.apple.SecurityServer[27]: Succeeded authorizing right 'config.modify.com.apple.CoreRAID.admin' by client '/System/Library/PrivateFrameworks/CoreRAID.framework/Versions/A/Resources/CoreRAIDServer' for authorization created by '/System/Library/PrivateFrameworks/CoreRAID.framework/Versions/A/Resources/CoreRAIDServer'
